
*** Running vivado
    with args -log neuron.vds -m64 -product Vivado -mode batch -messageDb vivado.pb -notrace -source neuron.tcl



****** Vivado v2022.1 (64-bit)
  **** SW Build 3526262 on Mon Apr 18 15:48:16 MDT 2022
  **** IP Build 3524634 on Mon Apr 18 20:55:01 MDT 2022
    ** Copyright 1986-2022 Xilinx, Inc. All Rights Reserved.

Sourcing tcl script 'C:/Xilinx/Vivado/2022.1/scripts/Vivado_init.tcl'
Sourcing tcl script 'C:/Users/thebu/AppData/Roaming/Xilinx/Vivado/Vivado_init.tcl'
source neuron.tcl -notrace
create_project: Time (s): cpu = 00:00:01 ; elapsed = 00:00:06 . Memory (MB): peak = 1286.719 ; gain = 35.066
Command: read_checkpoint -auto_incremental -incremental Z:/Sync/autosync/Proj_Vivado/MLP/MLP.srcs/utils_1/imports/synth_1/neuron.dcp
INFO: [Vivado 12-5825] Read reference checkpoint from Z:/Sync/autosync/Proj_Vivado/MLP/MLP.srcs/utils_1/imports/synth_1/neuron.dcp for incremental synthesis
INFO: [Vivado 12-7989] Please ensure there are no constraint changes
Command: synth_design -top neuron -part xc7a35tcpg236-1
Starting synth_design
Attempting to get a license for feature 'Synthesis' and/or device 'xc7a35t'
INFO: [Common 17-349] Got license for feature 'Synthesis' and/or device 'xc7a35t'
INFO: [Device 21-403] Loading part xc7a35tcpg236-1
INFO: [Designutils 20-5440] No compile time benefit to using incremental synthesis; A full resynthesis will be run
INFO: [Designutils 20-4379] Flow is switching to default flow due to incremental criteria not met. If you would like to alter this behaviour and have the flow terminate instead, please set the following parameter config_implementation {autoIncr.Synth.RejectBehavior Terminate}
INFO: [Synth 8-7079] Multithreading enabled for synth_design using a maximum of 4 processes.
INFO: [Synth 8-7078] Launching helper process for spawning children vivado processes
INFO: [Synth 8-7075] Helper process launched with PID 24964
WARNING: [Synth 8-10180] variable 'ab' must explicitly be declared as automatic or static [Z:/Sync/autosync/Proj_Vivado/MLP/MLP.srcs/sources_1/new/neuron.sv:27]
---------------------------------------------------------------------------------
Starting RTL Elaboration : Time (s): cpu = 00:00:06 ; elapsed = 00:00:21 . Memory (MB): peak = 1286.719 ; gain = 0.000
---------------------------------------------------------------------------------
INFO: [Synth 8-6157] synthesizing module 'neuron' [Z:/Sync/autosync/Proj_Vivado/MLP/MLP.srcs/sources_1/new/neuron.sv:40]
INFO: [Synth 8-6155] done synthesizing module 'neuron' (0#1) [Z:/Sync/autosync/Proj_Vivado/MLP/MLP.srcs/sources_1/new/neuron.sv:40]
WARNING: [Synth 8-6014] Unused sequential element wx_reg was removed.  [Z:/Sync/autosync/Proj_Vivado/MLP/MLP.srcs/sources_1/new/neuron.sv:69]
WARNING: [Synth 8-6014] Unused sequential element roundedSum_reg was removed.  [Z:/Sync/autosync/Proj_Vivado/MLP/MLP.srcs/sources_1/new/neuron.sv:71]
WARNING: [Synth 8-6014] Unused sequential element truncated_reg was removed.  [Z:/Sync/autosync/Proj_Vivado/MLP/MLP.srcs/sources_1/new/neuron.sv:76]
---------------------------------------------------------------------------------
Finished RTL Elaboration : Time (s): cpu = 00:00:07 ; elapsed = 00:00:25 . Memory (MB): peak = 1286.719 ; gain = 0.000
---------------------------------------------------------------------------------
---------------------------------------------------------------------------------
Start Handling Custom Attributes
---------------------------------------------------------------------------------
---------------------------------------------------------------------------------
Finished Handling Custom Attributes : Time (s): cpu = 00:00:07 ; elapsed = 00:00:25 . Memory (MB): peak = 1286.719 ; gain = 0.000
---------------------------------------------------------------------------------
---------------------------------------------------------------------------------
Finished RTL Optimization Phase 1 : Time (s): cpu = 00:00:07 ; elapsed = 00:00:25 . Memory (MB): peak = 1286.719 ; gain = 0.000
---------------------------------------------------------------------------------
Netlist sorting complete. Time (s): cpu = 00:00:00 ; elapsed = 00:00:00.001 . Memory (MB): peak = 1286.719 ; gain = 0.000
INFO: [Project 1-570] Preparing netlist for logic optimization

Processing XDC Constraints
Initializing timing engine
Parsing XDC File [Z:/Sync/autosync/Proj_Vivado/MLP/MLP.srcs/constrs_1/new/Basys3.xdc]
WARNING: [Vivado 12-584] No ports matched 'CLK'. [Z:/Sync/autosync/Proj_Vivado/MLP/MLP.srcs/constrs_1/new/Basys3.xdc:8]
CRITICAL WARNING: [Common 17-55] 'set_property' expects at least one object. [Z:/Sync/autosync/Proj_Vivado/MLP/MLP.srcs/constrs_1/new/Basys3.xdc:8]
Resolution: If [get_<value>] was used to populate the object, check to make sure this command returns at least one valid object.
WARNING: [Vivado 12-584] No ports matched 'CLK'. [Z:/Sync/autosync/Proj_Vivado/MLP/MLP.srcs/constrs_1/new/Basys3.xdc:9]
CRITICAL WARNING: [Common 17-55] 'set_property' expects at least one object. [Z:/Sync/autosync/Proj_Vivado/MLP/MLP.srcs/constrs_1/new/Basys3.xdc:9]
Resolution: If [get_<value>] was used to populate the object, check to make sure this command returns at least one valid object.
WARNING: [Vivado 12-584] No ports matched 'CLK'. [Z:/Sync/autosync/Proj_Vivado/MLP/MLP.srcs/constrs_1/new/Basys3.xdc:11]
CRITICAL WARNING: [Vivado 12-4739] create_clock:No valid object(s) found for '-objects [get_ports CLK]'. [Z:/Sync/autosync/Proj_Vivado/MLP/MLP.srcs/constrs_1/new/Basys3.xdc:11]
Resolution: Check if the specified object(s) exists in the current design. If it does, ensure that the correct design hierarchy was specified for the object. If you are working with clocks, make sure create_clock was used to create the clock object before it is referenced.
WARNING: [Vivado 12-584] No ports matched 'OUT'. [Z:/Sync/autosync/Proj_Vivado/MLP/MLP.srcs/constrs_1/new/Basys3.xdc:14]
CRITICAL WARNING: [Common 17-55] 'set_property' expects at least one object. [Z:/Sync/autosync/Proj_Vivado/MLP/MLP.srcs/constrs_1/new/Basys3.xdc:14]
Resolution: If [get_<value>] was used to populate the object, check to make sure this command returns at least one valid object.
WARNING: [Vivado 12-584] No ports matched 'OUT'. [Z:/Sync/autosync/Proj_Vivado/MLP/MLP.srcs/constrs_1/new/Basys3.xdc:15]
CRITICAL WARNING: [Common 17-55] 'set_property' expects at least one object. [Z:/Sync/autosync/Proj_Vivado/MLP/MLP.srcs/constrs_1/new/Basys3.xdc:15]
Resolution: If [get_<value>] was used to populate the object, check to make sure this command returns at least one valid object.
WARNING: [Vivado 12-584] No ports matched 'SW[0]'. [Z:/Sync/autosync/Proj_Vivado/MLP/MLP.srcs/constrs_1/new/Basys3.xdc:18]
CRITICAL WARNING: [Common 17-55] 'set_property' expects at least one object. [Z:/Sync/autosync/Proj_Vivado/MLP/MLP.srcs/constrs_1/new/Basys3.xdc:18]
Resolution: If [get_<value>] was used to populate the object, check to make sure this command returns at least one valid object.
WARNING: [Vivado 12-584] No ports matched 'SW[0]'. [Z:/Sync/autosync/Proj_Vivado/MLP/MLP.srcs/constrs_1/new/Basys3.xdc:19]
CRITICAL WARNING: [Common 17-55] 'set_property' expects at least one object. [Z:/Sync/autosync/Proj_Vivado/MLP/MLP.srcs/constrs_1/new/Basys3.xdc:19]
Resolution: If [get_<value>] was used to populate the object, check to make sure this command returns at least one valid object.
WARNING: [Vivado 12-584] No ports matched 'SW[1]'. [Z:/Sync/autosync/Proj_Vivado/MLP/MLP.srcs/constrs_1/new/Basys3.xdc:20]
CRITICAL WARNING: [Common 17-55] 'set_property' expects at least one object. [Z:/Sync/autosync/Proj_Vivado/MLP/MLP.srcs/constrs_1/new/Basys3.xdc:20]
Resolution: If [get_<value>] was used to populate the object, check to make sure this command returns at least one valid object.
WARNING: [Vivado 12-584] No ports matched 'SW[1]'. [Z:/Sync/autosync/Proj_Vivado/MLP/MLP.srcs/constrs_1/new/Basys3.xdc:21]
CRITICAL WARNING: [Common 17-55] 'set_property' expects at least one object. [Z:/Sync/autosync/Proj_Vivado/MLP/MLP.srcs/constrs_1/new/Basys3.xdc:21]
Resolution: If [get_<value>] was used to populate the object, check to make sure this command returns at least one valid object.
WARNING: [Vivado 12-584] No ports matched 'SW[2]'. [Z:/Sync/autosync/Proj_Vivado/MLP/MLP.srcs/constrs_1/new/Basys3.xdc:22]
CRITICAL WARNING: [Common 17-55] 'set_property' expects at least one object. [Z:/Sync/autosync/Proj_Vivado/MLP/MLP.srcs/constrs_1/new/Basys3.xdc:22]
Resolution: If [get_<value>] was used to populate the object, check to make sure this command returns at least one valid object.
WARNING: [Vivado 12-584] No ports matched 'SW[2]'. [Z:/Sync/autosync/Proj_Vivado/MLP/MLP.srcs/constrs_1/new/Basys3.xdc:23]
CRITICAL WARNING: [Common 17-55] 'set_property' expects at least one object. [Z:/Sync/autosync/Proj_Vivado/MLP/MLP.srcs/constrs_1/new/Basys3.xdc:23]
Resolution: If [get_<value>] was used to populate the object, check to make sure this command returns at least one valid object.
WARNING: [Vivado 12-584] No ports matched 'SW[3]'. [Z:/Sync/autosync/Proj_Vivado/MLP/MLP.srcs/constrs_1/new/Basys3.xdc:24]
CRITICAL WARNING: [Common 17-55] 'set_property' expects at least one object. [Z:/Sync/autosync/Proj_Vivado/MLP/MLP.srcs/constrs_1/new/Basys3.xdc:24]
Resolution: If [get_<value>] was used to populate the object, check to make sure this command returns at least one valid object.
WARNING: [Vivado 12-584] No ports matched 'SW[3]'. [Z:/Sync/autosync/Proj_Vivado/MLP/MLP.srcs/constrs_1/new/Basys3.xdc:25]
CRITICAL WARNING: [Common 17-55] 'set_property' expects at least one object. [Z:/Sync/autosync/Proj_Vivado/MLP/MLP.srcs/constrs_1/new/Basys3.xdc:25]
Resolution: If [get_<value>] was used to populate the object, check to make sure this command returns at least one valid object.
WARNING: [Vivado 12-584] No ports matched 'SW[4]'. [Z:/Sync/autosync/Proj_Vivado/MLP/MLP.srcs/constrs_1/new/Basys3.xdc:26]
CRITICAL WARNING: [Common 17-55] 'set_property' expects at least one object. [Z:/Sync/autosync/Proj_Vivado/MLP/MLP.srcs/constrs_1/new/Basys3.xdc:26]
Resolution: If [get_<value>] was used to populate the object, check to make sure this command returns at least one valid object.
WARNING: [Vivado 12-584] No ports matched 'SW[4]'. [Z:/Sync/autosync/Proj_Vivado/MLP/MLP.srcs/constrs_1/new/Basys3.xdc:27]
CRITICAL WARNING: [Common 17-55] 'set_property' expects at least one object. [Z:/Sync/autosync/Proj_Vivado/MLP/MLP.srcs/constrs_1/new/Basys3.xdc:27]
Resolution: If [get_<value>] was used to populate the object, check to make sure this command returns at least one valid object.
WARNING: [Vivado 12-584] No ports matched 'SW[5]'. [Z:/Sync/autosync/Proj_Vivado/MLP/MLP.srcs/constrs_1/new/Basys3.xdc:28]
CRITICAL WARNING: [Common 17-55] 'set_property' expects at least one object. [Z:/Sync/autosync/Proj_Vivado/MLP/MLP.srcs/constrs_1/new/Basys3.xdc:28]
Resolution: If [get_<value>] was used to populate the object, check to make sure this command returns at least one valid object.
WARNING: [Vivado 12-584] No ports matched 'SW[5]'. [Z:/Sync/autosync/Proj_Vivado/MLP/MLP.srcs/constrs_1/new/Basys3.xdc:29]
CRITICAL WARNING: [Common 17-55] 'set_property' expects at least one object. [Z:/Sync/autosync/Proj_Vivado/MLP/MLP.srcs/constrs_1/new/Basys3.xdc:29]
Resolution: If [get_<value>] was used to populate the object, check to make sure this command returns at least one valid object.
WARNING: [Vivado 12-584] No ports matched 'SW[6]'. [Z:/Sync/autosync/Proj_Vivado/MLP/MLP.srcs/constrs_1/new/Basys3.xdc:30]
CRITICAL WARNING: [Common 17-55] 'set_property' expects at least one object. [Z:/Sync/autosync/Proj_Vivado/MLP/MLP.srcs/constrs_1/new/Basys3.xdc:30]
Resolution: If [get_<value>] was used to populate the object, check to make sure this command returns at least one valid object.
WARNING: [Vivado 12-584] No ports matched 'SW[6]'. [Z:/Sync/autosync/Proj_Vivado/MLP/MLP.srcs/constrs_1/new/Basys3.xdc:31]
CRITICAL WARNING: [Common 17-55] 'set_property' expects at least one object. [Z:/Sync/autosync/Proj_Vivado/MLP/MLP.srcs/constrs_1/new/Basys3.xdc:31]
Resolution: If [get_<value>] was used to populate the object, check to make sure this command returns at least one valid object.
WARNING: [Vivado 12-584] No ports matched 'SW[7]'. [Z:/Sync/autosync/Proj_Vivado/MLP/MLP.srcs/constrs_1/new/Basys3.xdc:32]
CRITICAL WARNING: [Common 17-55] 'set_property' expects at least one object. [Z:/Sync/autosync/Proj_Vivado/MLP/MLP.srcs/constrs_1/new/Basys3.xdc:32]
Resolution: If [get_<value>] was used to populate the object, check to make sure this command returns at least one valid object.
WARNING: [Vivado 12-584] No ports matched 'SW[7]'. [Z:/Sync/autosync/Proj_Vivado/MLP/MLP.srcs/constrs_1/new/Basys3.xdc:33]
CRITICAL WARNING: [Common 17-55] 'set_property' expects at least one object. [Z:/Sync/autosync/Proj_Vivado/MLP/MLP.srcs/constrs_1/new/Basys3.xdc:33]
Resolution: If [get_<value>] was used to populate the object, check to make sure this command returns at least one valid object.
WARNING: [Vivado 12-584] No ports matched 'SW[8]'. [Z:/Sync/autosync/Proj_Vivado/MLP/MLP.srcs/constrs_1/new/Basys3.xdc:34]
CRITICAL WARNING: [Common 17-55] 'set_property' expects at least one object. [Z:/Sync/autosync/Proj_Vivado/MLP/MLP.srcs/constrs_1/new/Basys3.xdc:34]
Resolution: If [get_<value>] was used to populate the object, check to make sure this command returns at least one valid object.
WARNING: [Vivado 12-584] No ports matched 'SW[8]'. [Z:/Sync/autosync/Proj_Vivado/MLP/MLP.srcs/constrs_1/new/Basys3.xdc:35]
CRITICAL WARNING: [Common 17-55] 'set_property' expects at least one object. [Z:/Sync/autosync/Proj_Vivado/MLP/MLP.srcs/constrs_1/new/Basys3.xdc:35]
Resolution: If [get_<value>] was used to populate the object, check to make sure this command returns at least one valid object.
WARNING: [Vivado 12-584] No ports matched 'SW[9]'. [Z:/Sync/autosync/Proj_Vivado/MLP/MLP.srcs/constrs_1/new/Basys3.xdc:36]
CRITICAL WARNING: [Common 17-55] 'set_property' expects at least one object. [Z:/Sync/autosync/Proj_Vivado/MLP/MLP.srcs/constrs_1/new/Basys3.xdc:36]
Resolution: If [get_<value>] was used to populate the object, check to make sure this command returns at least one valid object.
WARNING: [Vivado 12-584] No ports matched 'SW[9]'. [Z:/Sync/autosync/Proj_Vivado/MLP/MLP.srcs/constrs_1/new/Basys3.xdc:37]
CRITICAL WARNING: [Common 17-55] 'set_property' expects at least one object. [Z:/Sync/autosync/Proj_Vivado/MLP/MLP.srcs/constrs_1/new/Basys3.xdc:37]
Resolution: If [get_<value>] was used to populate the object, check to make sure this command returns at least one valid object.
WARNING: [Vivado 12-584] No ports matched 'SW[10]'. [Z:/Sync/autosync/Proj_Vivado/MLP/MLP.srcs/constrs_1/new/Basys3.xdc:38]
CRITICAL WARNING: [Common 17-55] 'set_property' expects at least one object. [Z:/Sync/autosync/Proj_Vivado/MLP/MLP.srcs/constrs_1/new/Basys3.xdc:38]
Resolution: If [get_<value>] was used to populate the object, check to make sure this command returns at least one valid object.
WARNING: [Vivado 12-584] No ports matched 'SW[10]'. [Z:/Sync/autosync/Proj_Vivado/MLP/MLP.srcs/constrs_1/new/Basys3.xdc:39]
CRITICAL WARNING: [Common 17-55] 'set_property' expects at least one object. [Z:/Sync/autosync/Proj_Vivado/MLP/MLP.srcs/constrs_1/new/Basys3.xdc:39]
Resolution: If [get_<value>] was used to populate the object, check to make sure this command returns at least one valid object.
WARNING: [Vivado 12-584] No ports matched 'SW[11]'. [Z:/Sync/autosync/Proj_Vivado/MLP/MLP.srcs/constrs_1/new/Basys3.xdc:40]
CRITICAL WARNING: [Common 17-55] 'set_property' expects at least one object. [Z:/Sync/autosync/Proj_Vivado/MLP/MLP.srcs/constrs_1/new/Basys3.xdc:40]
Resolution: If [get_<value>] was used to populate the object, check to make sure this command returns at least one valid object.
WARNING: [Vivado 12-584] No ports matched 'SW[11]'. [Z:/Sync/autosync/Proj_Vivado/MLP/MLP.srcs/constrs_1/new/Basys3.xdc:41]
CRITICAL WARNING: [Common 17-55] 'set_property' expects at least one object. [Z:/Sync/autosync/Proj_Vivado/MLP/MLP.srcs/constrs_1/new/Basys3.xdc:41]
Resolution: If [get_<value>] was used to populate the object, check to make sure this command returns at least one valid object.
WARNING: [Vivado 12-584] No ports matched 'SW[12]'. [Z:/Sync/autosync/Proj_Vivado/MLP/MLP.srcs/constrs_1/new/Basys3.xdc:42]
CRITICAL WARNING: [Common 17-55] 'set_property' expects at least one object. [Z:/Sync/autosync/Proj_Vivado/MLP/MLP.srcs/constrs_1/new/Basys3.xdc:42]
Resolution: If [get_<value>] was used to populate the object, check to make sure this command returns at least one valid object.
WARNING: [Vivado 12-584] No ports matched 'SW[12]'. [Z:/Sync/autosync/Proj_Vivado/MLP/MLP.srcs/constrs_1/new/Basys3.xdc:43]
CRITICAL WARNING: [Common 17-55] 'set_property' expects at least one object. [Z:/Sync/autosync/Proj_Vivado/MLP/MLP.srcs/constrs_1/new/Basys3.xdc:43]
Resolution: If [get_<value>] was used to populate the object, check to make sure this command returns at least one valid object.
WARNING: [Vivado 12-584] No ports matched 'SW[13]'. [Z:/Sync/autosync/Proj_Vivado/MLP/MLP.srcs/constrs_1/new/Basys3.xdc:44]
CRITICAL WARNING: [Common 17-55] 'set_property' expects at least one object. [Z:/Sync/autosync/Proj_Vivado/MLP/MLP.srcs/constrs_1/new/Basys3.xdc:44]
Resolution: If [get_<value>] was used to populate the object, check to make sure this command returns at least one valid object.
WARNING: [Vivado 12-584] No ports matched 'SW[13]'. [Z:/Sync/autosync/Proj_Vivado/MLP/MLP.srcs/constrs_1/new/Basys3.xdc:45]
CRITICAL WARNING: [Common 17-55] 'set_property' expects at least one object. [Z:/Sync/autosync/Proj_Vivado/MLP/MLP.srcs/constrs_1/new/Basys3.xdc:45]
Resolution: If [get_<value>] was used to populate the object, check to make sure this command returns at least one valid object.
WARNING: [Vivado 12-584] No ports matched 'SW[14]'. [Z:/Sync/autosync/Proj_Vivado/MLP/MLP.srcs/constrs_1/new/Basys3.xdc:46]
CRITICAL WARNING: [Common 17-55] 'set_property' expects at least one object. [Z:/Sync/autosync/Proj_Vivado/MLP/MLP.srcs/constrs_1/new/Basys3.xdc:46]
Resolution: If [get_<value>] was used to populate the object, check to make sure this command returns at least one valid object.
WARNING: [Vivado 12-584] No ports matched 'SW[14]'. [Z:/Sync/autosync/Proj_Vivado/MLP/MLP.srcs/constrs_1/new/Basys3.xdc:47]
CRITICAL WARNING: [Common 17-55] 'set_property' expects at least one object. [Z:/Sync/autosync/Proj_Vivado/MLP/MLP.srcs/constrs_1/new/Basys3.xdc:47]
Resolution: If [get_<value>] was used to populate the object, check to make sure this command returns at least one valid object.
WARNING: [Vivado 12-584] No ports matched 'SW[15]'. [Z:/Sync/autosync/Proj_Vivado/MLP/MLP.srcs/constrs_1/new/Basys3.xdc:48]
CRITICAL WARNING: [Common 17-55] 'set_property' expects at least one object. [Z:/Sync/autosync/Proj_Vivado/MLP/MLP.srcs/constrs_1/new/Basys3.xdc:48]
Resolution: If [get_<value>] was used to populate the object, check to make sure this command returns at least one valid object.
WARNING: [Vivado 12-584] No ports matched 'SW[15]'. [Z:/Sync/autosync/Proj_Vivado/MLP/MLP.srcs/constrs_1/new/Basys3.xdc:49]
CRITICAL WARNING: [Common 17-55] 'set_property' expects at least one object. [Z:/Sync/autosync/Proj_Vivado/MLP/MLP.srcs/constrs_1/new/Basys3.xdc:49]
Resolution: If [get_<value>] was used to populate the object, check to make sure this command returns at least one valid object.
WARNING: [Vivado 12-584] No ports matched 'LED[0]'. [Z:/Sync/autosync/Proj_Vivado/MLP/MLP.srcs/constrs_1/new/Basys3.xdc:53]
CRITICAL WARNING: [Common 17-55] 'set_property' expects at least one object. [Z:/Sync/autosync/Proj_Vivado/MLP/MLP.srcs/constrs_1/new/Basys3.xdc:53]
Resolution: If [get_<value>] was used to populate the object, check to make sure this command returns at least one valid object.
WARNING: [Vivado 12-584] No ports matched 'LED[0]'. [Z:/Sync/autosync/Proj_Vivado/MLP/MLP.srcs/constrs_1/new/Basys3.xdc:54]
CRITICAL WARNING: [Common 17-55] 'set_property' expects at least one object. [Z:/Sync/autosync/Proj_Vivado/MLP/MLP.srcs/constrs_1/new/Basys3.xdc:54]
Resolution: If [get_<value>] was used to populate the object, check to make sure this command returns at least one valid object.
WARNING: [Vivado 12-584] No ports matched 'LED[1]'. [Z:/Sync/autosync/Proj_Vivado/MLP/MLP.srcs/constrs_1/new/Basys3.xdc:55]
CRITICAL WARNING: [Common 17-55] 'set_property' expects at least one object. [Z:/Sync/autosync/Proj_Vivado/MLP/MLP.srcs/constrs_1/new/Basys3.xdc:55]
Resolution: If [get_<value>] was used to populate the object, check to make sure this command returns at least one valid object.
WARNING: [Vivado 12-584] No ports matched 'LED[1]'. [Z:/Sync/autosync/Proj_Vivado/MLP/MLP.srcs/constrs_1/new/Basys3.xdc:56]
CRITICAL WARNING: [Common 17-55] 'set_property' expects at least one object. [Z:/Sync/autosync/Proj_Vivado/MLP/MLP.srcs/constrs_1/new/Basys3.xdc:56]
Resolution: If [get_<value>] was used to populate the object, check to make sure this command returns at least one valid object.
WARNING: [Vivado 12-584] No ports matched 'LED[2]'. [Z:/Sync/autosync/Proj_Vivado/MLP/MLP.srcs/constrs_1/new/Basys3.xdc:57]
CRITICAL WARNING: [Common 17-55] 'set_property' expects at least one object. [Z:/Sync/autosync/Proj_Vivado/MLP/MLP.srcs/constrs_1/new/Basys3.xdc:57]
Resolution: If [get_<value>] was used to populate the object, check to make sure this command returns at least one valid object.
WARNING: [Vivado 12-584] No ports matched 'LED[2]'. [Z:/Sync/autosync/Proj_Vivado/MLP/MLP.srcs/constrs_1/new/Basys3.xdc:58]
CRITICAL WARNING: [Common 17-55] 'set_property' expects at least one object. [Z:/Sync/autosync/Proj_Vivado/MLP/MLP.srcs/constrs_1/new/Basys3.xdc:58]
Resolution: If [get_<value>] was used to populate the object, check to make sure this command returns at least one valid object.
WARNING: [Vivado 12-584] No ports matched 'LED[3]'. [Z:/Sync/autosync/Proj_Vivado/MLP/MLP.srcs/constrs_1/new/Basys3.xdc:59]
CRITICAL WARNING: [Common 17-55] 'set_property' expects at least one object. [Z:/Sync/autosync/Proj_Vivado/MLP/MLP.srcs/constrs_1/new/Basys3.xdc:59]
Resolution: If [get_<value>] was used to populate the object, check to make sure this command returns at least one valid object.
WARNING: [Vivado 12-584] No ports matched 'LED[3]'. [Z:/Sync/autosync/Proj_Vivado/MLP/MLP.srcs/constrs_1/new/Basys3.xdc:60]
CRITICAL WARNING: [Common 17-55] 'set_property' expects at least one object. [Z:/Sync/autosync/Proj_Vivado/MLP/MLP.srcs/constrs_1/new/Basys3.xdc:60]
Resolution: If [get_<value>] was used to populate the object, check to make sure this command returns at least one valid object.
WARNING: [Vivado 12-584] No ports matched 'LED[4]'. [Z:/Sync/autosync/Proj_Vivado/MLP/MLP.srcs/constrs_1/new/Basys3.xdc:61]
CRITICAL WARNING: [Common 17-55] 'set_property' expects at least one object. [Z:/Sync/autosync/Proj_Vivado/MLP/MLP.srcs/constrs_1/new/Basys3.xdc:61]
Resolution: If [get_<value>] was used to populate the object, check to make sure this command returns at least one valid object.
WARNING: [Vivado 12-584] No ports matched 'LED[4]'. [Z:/Sync/autosync/Proj_Vivado/MLP/MLP.srcs/constrs_1/new/Basys3.xdc:62]
CRITICAL WARNING: [Common 17-55] 'set_property' expects at least one object. [Z:/Sync/autosync/Proj_Vivado/MLP/MLP.srcs/constrs_1/new/Basys3.xdc:62]
Resolution: If [get_<value>] was used to populate the object, check to make sure this command returns at least one valid object.
WARNING: [Vivado 12-584] No ports matched 'LED[5]'. [Z:/Sync/autosync/Proj_Vivado/MLP/MLP.srcs/constrs_1/new/Basys3.xdc:63]
CRITICAL WARNING: [Common 17-55] 'set_property' expects at least one object. [Z:/Sync/autosync/Proj_Vivado/MLP/MLP.srcs/constrs_1/new/Basys3.xdc:63]
Resolution: If [get_<value>] was used to populate the object, check to make sure this command returns at least one valid object.
WARNING: [Vivado 12-584] No ports matched 'LED[5]'. [Z:/Sync/autosync/Proj_Vivado/MLP/MLP.srcs/constrs_1/new/Basys3.xdc:64]
CRITICAL WARNING: [Common 17-55] 'set_property' expects at least one object. [Z:/Sync/autosync/Proj_Vivado/MLP/MLP.srcs/constrs_1/new/Basys3.xdc:64]
Resolution: If [get_<value>] was used to populate the object, check to make sure this command returns at least one valid object.
WARNING: [Vivado 12-584] No ports matched 'LED[6]'. [Z:/Sync/autosync/Proj_Vivado/MLP/MLP.srcs/constrs_1/new/Basys3.xdc:65]
CRITICAL WARNING: [Common 17-55] 'set_property' expects at least one object. [Z:/Sync/autosync/Proj_Vivado/MLP/MLP.srcs/constrs_1/new/Basys3.xdc:65]
Resolution: If [get_<value>] was used to populate the object, check to make sure this command returns at least one valid object.
WARNING: [Vivado 12-584] No ports matched 'LED[6]'. [Z:/Sync/autosync/Proj_Vivado/MLP/MLP.srcs/constrs_1/new/Basys3.xdc:66]
CRITICAL WARNING: [Common 17-55] 'set_property' expects at least one object. [Z:/Sync/autosync/Proj_Vivado/MLP/MLP.srcs/constrs_1/new/Basys3.xdc:66]
Resolution: If [get_<value>] was used to populate the object, check to make sure this command returns at least one valid object.
WARNING: [Vivado 12-584] No ports matched 'LED[7]'. [Z:/Sync/autosync/Proj_Vivado/MLP/MLP.srcs/constrs_1/new/Basys3.xdc:67]
CRITICAL WARNING: [Common 17-55] 'set_property' expects at least one object. [Z:/Sync/autosync/Proj_Vivado/MLP/MLP.srcs/constrs_1/new/Basys3.xdc:67]
Resolution: If [get_<value>] was used to populate the object, check to make sure this command returns at least one valid object.
WARNING: [Vivado 12-584] No ports matched 'LED[7]'. [Z:/Sync/autosync/Proj_Vivado/MLP/MLP.srcs/constrs_1/new/Basys3.xdc:68]
CRITICAL WARNING: [Common 17-55] 'set_property' expects at least one object. [Z:/Sync/autosync/Proj_Vivado/MLP/MLP.srcs/constrs_1/new/Basys3.xdc:68]
Resolution: If [get_<value>] was used to populate the object, check to make sure this command returns at least one valid object.
WARNING: [Vivado 12-584] No ports matched 'LED[8]'. [Z:/Sync/autosync/Proj_Vivado/MLP/MLP.srcs/constrs_1/new/Basys3.xdc:69]
CRITICAL WARNING: [Common 17-55] 'set_property' expects at least one object. [Z:/Sync/autosync/Proj_Vivado/MLP/MLP.srcs/constrs_1/new/Basys3.xdc:69]
Resolution: If [get_<value>] was used to populate the object, check to make sure this command returns at least one valid object.
WARNING: [Vivado 12-584] No ports matched 'LED[8]'. [Z:/Sync/autosync/Proj_Vivado/MLP/MLP.srcs/constrs_1/new/Basys3.xdc:70]
CRITICAL WARNING: [Common 17-55] 'set_property' expects at least one object. [Z:/Sync/autosync/Proj_Vivado/MLP/MLP.srcs/constrs_1/new/Basys3.xdc:70]
Resolution: If [get_<value>] was used to populate the object, check to make sure this command returns at least one valid object.
WARNING: [Vivado 12-584] No ports matched 'LED[9]'. [Z:/Sync/autosync/Proj_Vivado/MLP/MLP.srcs/constrs_1/new/Basys3.xdc:71]
CRITICAL WARNING: [Common 17-55] 'set_property' expects at least one object. [Z:/Sync/autosync/Proj_Vivado/MLP/MLP.srcs/constrs_1/new/Basys3.xdc:71]
Resolution: If [get_<value>] was used to populate the object, check to make sure this command returns at least one valid object.
WARNING: [Vivado 12-584] No ports matched 'LED[9]'. [Z:/Sync/autosync/Proj_Vivado/MLP/MLP.srcs/constrs_1/new/Basys3.xdc:72]
CRITICAL WARNING: [Common 17-55] 'set_property' expects at least one object. [Z:/Sync/autosync/Proj_Vivado/MLP/MLP.srcs/constrs_1/new/Basys3.xdc:72]
Resolution: If [get_<value>] was used to populate the object, check to make sure this command returns at least one valid object.
WARNING: [Vivado 12-584] No ports matched 'LED[10]'. [Z:/Sync/autosync/Proj_Vivado/MLP/MLP.srcs/constrs_1/new/Basys3.xdc:73]
CRITICAL WARNING: [Common 17-55] 'set_property' expects at least one object. [Z:/Sync/autosync/Proj_Vivado/MLP/MLP.srcs/constrs_1/new/Basys3.xdc:73]
Resolution: If [get_<value>] was used to populate the object, check to make sure this command returns at least one valid object.
WARNING: [Vivado 12-584] No ports matched 'LED[10]'. [Z:/Sync/autosync/Proj_Vivado/MLP/MLP.srcs/constrs_1/new/Basys3.xdc:74]
CRITICAL WARNING: [Common 17-55] 'set_property' expects at least one object. [Z:/Sync/autosync/Proj_Vivado/MLP/MLP.srcs/constrs_1/new/Basys3.xdc:74]
Resolution: If [get_<value>] was used to populate the object, check to make sure this command returns at least one valid object.
WARNING: [Vivado 12-584] No ports matched 'LED[11]'. [Z:/Sync/autosync/Proj_Vivado/MLP/MLP.srcs/constrs_1/new/Basys3.xdc:75]
CRITICAL WARNING: [Common 17-55] 'set_property' expects at least one object. [Z:/Sync/autosync/Proj_Vivado/MLP/MLP.srcs/constrs_1/new/Basys3.xdc:75]
Resolution: If [get_<value>] was used to populate the object, check to make sure this command returns at least one valid object.
WARNING: [Vivado 12-584] No ports matched 'LED[11]'. [Z:/Sync/autosync/Proj_Vivado/MLP/MLP.srcs/constrs_1/new/Basys3.xdc:76]
CRITICAL WARNING: [Common 17-55] 'set_property' expects at least one object. [Z:/Sync/autosync/Proj_Vivado/MLP/MLP.srcs/constrs_1/new/Basys3.xdc:76]
Resolution: If [get_<value>] was used to populate the object, check to make sure this command returns at least one valid object.
WARNING: [Vivado 12-584] No ports matched 'LED[12]'. [Z:/Sync/autosync/Proj_Vivado/MLP/MLP.srcs/constrs_1/new/Basys3.xdc:77]
CRITICAL WARNING: [Common 17-55] 'set_property' expects at least one object. [Z:/Sync/autosync/Proj_Vivado/MLP/MLP.srcs/constrs_1/new/Basys3.xdc:77]
Resolution: If [get_<value>] was used to populate the object, check to make sure this command returns at least one valid object.
WARNING: [Vivado 12-584] No ports matched 'LED[12]'. [Z:/Sync/autosync/Proj_Vivado/MLP/MLP.srcs/constrs_1/new/Basys3.xdc:78]
CRITICAL WARNING: [Common 17-55] 'set_property' expects at least one object. [Z:/Sync/autosync/Proj_Vivado/MLP/MLP.srcs/constrs_1/new/Basys3.xdc:78]
Resolution: If [get_<value>] was used to populate the object, check to make sure this command returns at least one valid object.
WARNING: [Vivado 12-584] No ports matched 'LED[13]'. [Z:/Sync/autosync/Proj_Vivado/MLP/MLP.srcs/constrs_1/new/Basys3.xdc:79]
CRITICAL WARNING: [Common 17-55] 'set_property' expects at least one object. [Z:/Sync/autosync/Proj_Vivado/MLP/MLP.srcs/constrs_1/new/Basys3.xdc:79]
Resolution: If [get_<value>] was used to populate the object, check to make sure this command returns at least one valid object.
WARNING: [Vivado 12-584] No ports matched 'LED[13]'. [Z:/Sync/autosync/Proj_Vivado/MLP/MLP.srcs/constrs_1/new/Basys3.xdc:80]
CRITICAL WARNING: [Common 17-55] 'set_property' expects at least one object. [Z:/Sync/autosync/Proj_Vivado/MLP/MLP.srcs/constrs_1/new/Basys3.xdc:80]
Resolution: If [get_<value>] was used to populate the object, check to make sure this command returns at least one valid object.
WARNING: [Vivado 12-584] No ports matched 'LED[14]'. [Z:/Sync/autosync/Proj_Vivado/MLP/MLP.srcs/constrs_1/new/Basys3.xdc:81]
CRITICAL WARNING: [Common 17-55] 'set_property' expects at least one object. [Z:/Sync/autosync/Proj_Vivado/MLP/MLP.srcs/constrs_1/new/Basys3.xdc:81]
Resolution: If [get_<value>] was used to populate the object, check to make sure this command returns at least one valid object.
WARNING: [Vivado 12-584] No ports matched 'LED[14]'. [Z:/Sync/autosync/Proj_Vivado/MLP/MLP.srcs/constrs_1/new/Basys3.xdc:82]
CRITICAL WARNING: [Common 17-55] 'set_property' expects at least one object. [Z:/Sync/autosync/Proj_Vivado/MLP/MLP.srcs/constrs_1/new/Basys3.xdc:82]
Resolution: If [get_<value>] was used to populate the object, check to make sure this command returns at least one valid object.
WARNING: [Vivado 12-584] No ports matched 'LED[15]'. [Z:/Sync/autosync/Proj_Vivado/MLP/MLP.srcs/constrs_1/new/Basys3.xdc:83]
CRITICAL WARNING: [Common 17-55] 'set_property' expects at least one object. [Z:/Sync/autosync/Proj_Vivado/MLP/MLP.srcs/constrs_1/new/Basys3.xdc:83]
Resolution: If [get_<value>] was used to populate the object, check to make sure this command returns at least one valid object.
WARNING: [Vivado 12-584] No ports matched 'LED[15]'. [Z:/Sync/autosync/Proj_Vivado/MLP/MLP.srcs/constrs_1/new/Basys3.xdc:84]
CRITICAL WARNING: [Common 17-55] 'set_property' expects at least one object. [Z:/Sync/autosync/Proj_Vivado/MLP/MLP.srcs/constrs_1/new/Basys3.xdc:84]
Resolution: If [get_<value>] was used to populate the object, check to make sure this command returns at least one valid object.
WARNING: [Vivado 12-584] No ports matched 'BTNU'. [Z:/Sync/autosync/Proj_Vivado/MLP/MLP.srcs/constrs_1/new/Basys3.xdc:133]
CRITICAL WARNING: [Common 17-55] 'set_property' expects at least one object. [Z:/Sync/autosync/Proj_Vivado/MLP/MLP.srcs/constrs_1/new/Basys3.xdc:133]
Resolution: If [get_<value>] was used to populate the object, check to make sure this command returns at least one valid object.
WARNING: [Vivado 12-584] No ports matched 'BTNU'. [Z:/Sync/autosync/Proj_Vivado/MLP/MLP.srcs/constrs_1/new/Basys3.xdc:134]
CRITICAL WARNING: [Common 17-55] 'set_property' expects at least one object. [Z:/Sync/autosync/Proj_Vivado/MLP/MLP.srcs/constrs_1/new/Basys3.xdc:134]
Resolution: If [get_<value>] was used to populate the object, check to make sure this command returns at least one valid object.
Finished Parsing XDC File [Z:/Sync/autosync/Proj_Vivado/MLP/MLP.srcs/constrs_1/new/Basys3.xdc]
Completed Processing XDC Constraints

Netlist sorting complete. Time (s): cpu = 00:00:00 ; elapsed = 00:00:00 . Memory (MB): peak = 1292.160 ; gain = 0.000
INFO: [Project 1-111] Unisim Transformation Summary:
No Unisim elements were transformed.

Constraint Validation Runtime : Time (s): cpu = 00:00:00 ; elapsed = 00:00:00.011 . Memory (MB): peak = 1292.160 ; gain = 0.000
INFO: [Designutils 20-5440] No compile time benefit to using incremental synthesis; A full resynthesis will be run
INFO: [Designutils 20-4379] Flow is switching to default flow due to incremental criteria not met. If you would like to alter this behaviour and have the flow terminate instead, please set the following parameter config_implementation {autoIncr.Synth.RejectBehavior Terminate}
---------------------------------------------------------------------------------
Finished Constraint Validation : Time (s): cpu = 00:00:08 ; elapsed = 00:00:38 . Memory (MB): peak = 1292.160 ; gain = 5.441
---------------------------------------------------------------------------------
---------------------------------------------------------------------------------
Start Loading Part and Timing Information
---------------------------------------------------------------------------------
Loading part: xc7a35tcpg236-1
---------------------------------------------------------------------------------
Finished Loading Part and Timing Information : Time (s): cpu = 00:00:08 ; elapsed = 00:00:38 . Memory (MB): peak = 1292.160 ; gain = 5.441
---------------------------------------------------------------------------------
---------------------------------------------------------------------------------
Start Applying 'set_property' XDC Constraints
---------------------------------------------------------------------------------
---------------------------------------------------------------------------------
Finished applying 'set_property' XDC Constraints : Time (s): cpu = 00:00:08 ; elapsed = 00:00:38 . Memory (MB): peak = 1292.160 ; gain = 5.441
---------------------------------------------------------------------------------
---------------------------------------------------------------------------------
Finished RTL Optimization Phase 2 : Time (s): cpu = 00:00:08 ; elapsed = 00:00:39 . Memory (MB): peak = 1292.160 ; gain = 5.441
---------------------------------------------------------------------------------
---------------------------------------------------------------------------------
Start RTL Component Statistics 
---------------------------------------------------------------------------------
Detailed RTL Component Info : 
+---Adders : 
	   2 Input   10 Bit       Adders := 1     
+---Registers : 
	               10 Bit    Registers := 1     
+---Muxes : 
	   2 Input   10 Bit        Muxes := 3     
---------------------------------------------------------------------------------
Finished RTL Component Statistics 
---------------------------------------------------------------------------------
---------------------------------------------------------------------------------
Start Part Resource Summary
---------------------------------------------------------------------------------
Part Resources:
DSPs: 90 (col length:60)
BRAMs: 100 (col length: RAMB18 60 RAMB36 30)
---------------------------------------------------------------------------------
Finished Part Resource Summary
---------------------------------------------------------------------------------
---------------------------------------------------------------------------------
Start Cross Boundary and Area Optimization
---------------------------------------------------------------------------------
WARNING: [Synth 8-7080] Parallel synthesis criteria is not met
---------------------------------------------------------------------------------
Finished Cross Boundary and Area Optimization : Time (s): cpu = 00:00:09 ; elapsed = 00:00:42 . Memory (MB): peak = 1292.160 ; gain = 5.441
---------------------------------------------------------------------------------
---------------------------------------------------------------------------------
Start Applying XDC Timing Constraints
---------------------------------------------------------------------------------
---------------------------------------------------------------------------------
Finished Applying XDC Timing Constraints : Time (s): cpu = 00:00:10 ; elapsed = 00:00:52 . Memory (MB): peak = 1292.160 ; gain = 5.441
---------------------------------------------------------------------------------
---------------------------------------------------------------------------------
Start Timing Optimization
---------------------------------------------------------------------------------
---------------------------------------------------------------------------------
Finished Timing Optimization : Time (s): cpu = 00:00:10 ; elapsed = 00:00:52 . Memory (MB): peak = 1292.160 ; gain = 5.441
---------------------------------------------------------------------------------
---------------------------------------------------------------------------------
Start Technology Mapping
---------------------------------------------------------------------------------
---------------------------------------------------------------------------------
Finished Technology Mapping : Time (s): cpu = 00:00:10 ; elapsed = 00:00:52 . Memory (MB): peak = 1292.160 ; gain = 5.441
---------------------------------------------------------------------------------
---------------------------------------------------------------------------------
Start IO Insertion
---------------------------------------------------------------------------------
---------------------------------------------------------------------------------
Start Flattening Before IO Insertion
---------------------------------------------------------------------------------
---------------------------------------------------------------------------------
Finished Flattening Before IO Insertion
---------------------------------------------------------------------------------
---------------------------------------------------------------------------------
Start Final Netlist Cleanup
---------------------------------------------------------------------------------
---------------------------------------------------------------------------------
Finished Final Netlist Cleanup
---------------------------------------------------------------------------------
---------------------------------------------------------------------------------
Finished IO Insertion : Time (s): cpu = 00:00:12 ; elapsed = 00:00:59 . Memory (MB): peak = 1292.160 ; gain = 5.441
---------------------------------------------------------------------------------
---------------------------------------------------------------------------------
Start Renaming Generated Instances
---------------------------------------------------------------------------------
---------------------------------------------------------------------------------
Finished Renaming Generated Instances : Time (s): cpu = 00:00:12 ; elapsed = 00:00:59 . Memory (MB): peak = 1292.160 ; gain = 5.441
---------------------------------------------------------------------------------
---------------------------------------------------------------------------------
Start Rebuilding User Hierarchy
---------------------------------------------------------------------------------
---------------------------------------------------------------------------------
Finished Rebuilding User Hierarchy : Time (s): cpu = 00:00:12 ; elapsed = 00:00:59 . Memory (MB): peak = 1292.160 ; gain = 5.441
---------------------------------------------------------------------------------
---------------------------------------------------------------------------------
Start Renaming Generated Ports
---------------------------------------------------------------------------------
---------------------------------------------------------------------------------
Finished Renaming Generated Ports : Time (s): cpu = 00:00:12 ; elapsed = 00:00:59 . Memory (MB): peak = 1292.160 ; gain = 5.441
---------------------------------------------------------------------------------
---------------------------------------------------------------------------------
Start Handling Custom Attributes
---------------------------------------------------------------------------------
---------------------------------------------------------------------------------
Finished Handling Custom Attributes : Time (s): cpu = 00:00:12 ; elapsed = 00:00:59 . Memory (MB): peak = 1292.160 ; gain = 5.441
---------------------------------------------------------------------------------
---------------------------------------------------------------------------------
Start Renaming Generated Nets
---------------------------------------------------------------------------------
---------------------------------------------------------------------------------
Finished Renaming Generated Nets : Time (s): cpu = 00:00:12 ; elapsed = 00:00:59 . Memory (MB): peak = 1292.160 ; gain = 5.441
---------------------------------------------------------------------------------
---------------------------------------------------------------------------------
Start Writing Synthesis Report
---------------------------------------------------------------------------------

Report BlackBoxes: 
+-+--------------+----------+
| |BlackBox name |Instances |
+-+--------------+----------+
+-+--------------+----------+

Report Cell Usage: 
+------+-------+------+
|      |Cell   |Count |
+------+-------+------+
|1     |BUFG   |     1|
|2     |CARRY4 |    25|
|3     |LUT1   |     1|
|4     |LUT2   |    65|
|5     |LUT3   |    18|
|6     |LUT4   |    28|
|7     |LUT5   |    15|
|8     |LUT6   |    54|
|9     |FDRE   |     9|
|10    |FDSE   |     1|
|11    |IBUF   |    31|
|12    |OBUF   |    10|
+------+-------+------+
---------------------------------------------------------------------------------
Finished Writing Synthesis Report : Time (s): cpu = 00:00:12 ; elapsed = 00:00:59 . Memory (MB): peak = 1292.160 ; gain = 5.441
---------------------------------------------------------------------------------
Synthesis finished with 0 errors, 0 critical warnings and 1 warnings.
Synthesis Optimization Runtime : Time (s): cpu = 00:00:05 ; elapsed = 00:00:56 . Memory (MB): peak = 1292.160 ; gain = 0.000
Synthesis Optimization Complete : Time (s): cpu = 00:00:12 ; elapsed = 00:00:59 . Memory (MB): peak = 1292.160 ; gain = 5.441
INFO: [Project 1-571] Translating synthesized netlist
Netlist sorting complete. Time (s): cpu = 00:00:00 ; elapsed = 00:00:00.005 . Memory (MB): peak = 1292.160 ; gain = 0.000
INFO: [Netlist 29-17] Analyzing 25 Unisim elements for replacement
INFO: [Netlist 29-28] Unisim Transformation completed in 0 CPU seconds
INFO: [Project 1-570] Preparing netlist for logic optimization
INFO: [Opt 31-138] Pushed 0 inverter(s) to 0 load pin(s).
Netlist sorting complete. Time (s): cpu = 00:00:00 ; elapsed = 00:00:00.001 . Memory (MB): peak = 1292.160 ; gain = 0.000
INFO: [Project 1-111] Unisim Transformation Summary:
No Unisim elements were transformed.

Synth Design complete, checksum: 2bfbff4d
INFO: [Common 17-83] Releasing license: Synthesis
22 Infos, 76 Warnings, 71 Critical Warnings and 0 Errors encountered.
synth_design completed successfully
synth_design: Time (s): cpu = 00:00:13 ; elapsed = 00:01:08 . Memory (MB): peak = 1292.160 ; gain = 5.441
INFO: [Common 17-600] The following parameters have non-default value.
general.maxThreads
INFO: [runtcl-6] Synthesis results are not added to the cache due to CRITICAL_WARNING
INFO: [Common 17-1381] The checkpoint 'Z:/Sync/autosync/Proj_Vivado/MLP/MLP.runs/synth_1/neuron.dcp' has been generated.
INFO: [runtcl-4] Executing : report_utilization -file neuron_utilization_synth.rpt -pb neuron_utilization_synth.pb
INFO: [Common 17-206] Exiting Vivado at Wed Jun  5 23:12:19 2024...
